<?xml version="1.0" encoding="UTF-8"?>
<!-- Generated by org.testng.reporters.JUnitReportReporter -->
<testsuite hostname="Karans-MacBook-Air.local" name="SearchFunctionality.TC_01" tests="1" failures="0" timestamp="12 Sep 2019 09:24:40 GMT" time="1.572" errors="0">
  <testcase name="searchbook" time="1.572" classname="SearchFunctionality.TC_01"/>
</testsuite> <!-- SearchFunctionality.TC_01 -->
